This is pdfTeX, Version 3.1415926-2.5-1.40.14 (TeX Live 2013) (format=pdflatex 2013.9.13)  7 FEB 2014 09:00
entering extended mode
 restricted \write18 enabled.
 %&-line parsing enabled.
**/Users/casillas/Google_Drive/13_primavera_2014/span_455/materiales/4_latin/mu
estra/pronunciacion_prac.tex

(/Users/casillas/Google_Drive/13_primavera_2014/span_455/materiales/4_latin/mue
stra/pronunciacion_prac.tex
LaTeX2e <2011/06/27>
Babel <3.9f> and hyphenation patterns for 78 languages loaded.
(/usr/local/texlive/2013/texmf-dist/tex/latex/standalone/standalone.cls
Document Class: standalone 2012/09/15 v1.1b Class to compile TeX sub-files stan
dalone
(/usr/local/texlive/2013/texmf-dist/tex/generic/oberdiek/ifluatex.sty
Package: ifluatex 2010/03/01 v1.3 Provides the ifluatex switch (HO)
Package ifluatex Info: LuaTeX not detected.
) (/usr/local/texlive/2013/texmf-dist/tex/generic/oberdiek/ifpdf.sty
Package: ifpdf 2011/01/30 v2.3 Provides the ifpdf switch (HO)
Package ifpdf Info: pdfTeX in PDF mode is detected.
) (/usr/local/texlive/2013/texmf-dist/tex/generic/ifxetex/ifxetex.sty
Package: ifxetex 2010/09/12 v0.6 Provides ifxetex conditional
) (/usr/local/texlive/2013/texmf-dist/tex/latex/xkeyval/xkeyval.sty
Package: xkeyval 2012/10/14 v2.6b package option processing (HA)
(/usr/local/texlive/2013/texmf-dist/tex/generic/xkeyval/xkeyval.tex
\XKV@toks=\toks14
\XKV@tempa@toks=\toks15
\XKV@depth=\count79
File: xkeyval.tex 2012/10/14 v2.6b key=value parser (HA)
(/usr/local/texlive/2013/texmf-dist/tex/generic/xkeyval/keyval.tex)))
\sa@internal=\count80
(/usr/local/texlive/2013/texmf-dist/tex/latex/standalone/standalone.cfg
File: standalone.cfg 2012/09/15 v1.1b Default configuration file for 'standalon
e' class
) (/usr/local/texlive/2013/texmf-dist/tex/latex/base/article.cls
Document Class: article 2007/10/19 v1.4h Standard LaTeX document class
(/usr/local/texlive/2013/texmf-dist/tex/latex/base/size10.clo
File: size10.clo 2007/10/19 v1.4h Standard LaTeX file (size option)
)
\c@part=\count81
\c@section=\count82
\c@subsection=\count83
\c@subsubsection=\count84
\c@paragraph=\count85
\c@subparagraph=\count86
\c@figure=\count87
\c@table=\count88
\abovecaptionskip=\skip41
\belowcaptionskip=\skip42
\bibindent=\dimen102
)
\sa@box=\box26
runsystem(pdflatex  -shell-escape  -jobname 'pronunciacion_prac' '\expandafter\
def\csname sa@internal@run\endcsname{1}\input{pronunciacion_prac}')...disabled 
(restricted).

runsystem(convert -density 300 pronunciacion_prac.pdf -resize 1080x800 -quality
 90 pronunciacion_prac.png)...disabled (restricted).


Class standalone Warning: Conversion failed! Please ensure that shell escape
(standalone)              is enabled (e.g. use '-shell-escape').

) (/usr/local/texlive/2013/texmf-dist/tex/latex/tipa/tipa.sty
Package: tipa 2002/08/08 TIPA version 1.1
(/usr/local/texlive/2013/texmf-dist/tex/latex/base/fontenc.sty
Package: fontenc 2005/09/27 v1.99g Standard LaTeX package
(/usr/local/texlive/2013/texmf-dist/tex/latex/tipa/t3enc.def
File: t3enc.def 2001/12/31 T3 encoding
) (/usr/local/texlive/2013/texmf-dist/tex/latex/base/ot1enc.def
File: ot1enc.def 2005/09/27 v1.99g Standard LaTeX file
LaTeX Font Info:    Redeclaring font encoding OT1 on input line 43.
))) (/usr/local/texlive/2013/texmf-dist/tex/latex/tools/multicol.sty
Package: multicol 2011/06/27 v1.7a multicolumn formatting (FMi)
\c@tracingmulticols=\count89
\mult@box=\box27
\multicol@leftmargin=\dimen103
\c@unbalance=\count90
\c@collectmore=\count91
\doublecol@number=\count92
\multicoltolerance=\count93
\multicolpretolerance=\count94
\full@width=\dimen104
\page@free=\dimen105
\premulticols=\dimen106
\postmulticols=\dimen107
\multicolsep=\skip43
\multicolbaselineskip=\skip44
\partial@page=\box28
\last@line=\box29
\mult@rightbox=\box30
\mult@grightbox=\box31
\mult@gfirstbox=\box32
\mult@firstbox=\box33
\@tempa=\box34
\@tempa=\box35
\@tempa=\box36
\@tempa=\box37
\@tempa=\box38
\@tempa=\box39
\@tempa=\box40
\@tempa=\box41
\@tempa=\box42
\@tempa=\box43
\@tempa=\box44
\@tempa=\box45
\@tempa=\box46
\@tempa=\box47
\@tempa=\box48
\@tempa=\box49
\@tempa=\box50
\c@columnbadness=\count95
\c@finalcolumnbadness=\count96
\last@try=\dimen108
\multicolovershoot=\dimen109
\multicolundershoot=\dimen110
\mult@nat@firstbox=\box51
\colbreak@box=\box52
\multicol@sort@counter=\count97
) (Output/pronunciacion_prac.aux)
\openout1 = `pronunciacion_prac.aux'.

LaTeX Font Info:    Checking defaults for OML/cmm/m/it on input line 6.
LaTeX Font Info:    ... okay on input line 6.
LaTeX Font Info:    Checking defaults for T1/cmr/m/n on input line 6.
LaTeX Font Info:    ... okay on input line 6.
LaTeX Font Info:    Checking defaults for OT1/cmr/m/n on input line 6.
LaTeX Font Info:    ... okay on input line 6.
LaTeX Font Info:    Checking defaults for OMS/cmsy/m/n on input line 6.
LaTeX Font Info:    ... okay on input line 6.
LaTeX Font Info:    Checking defaults for OMX/cmex/m/n on input line 6.
LaTeX Font Info:    ... okay on input line 6.
LaTeX Font Info:    Checking defaults for U/cmr/m/n on input line 6.
LaTeX Font Info:    ... okay on input line 6.
LaTeX Font Info:    Checking defaults for T3/cmr/m/n on input line 6.
LaTeX Font Info:    Try loading font information for T3+cmr on input line 6.
(/usr/local/texlive/2013/texmf-dist/tex/latex/tipa/t3cmr.fd
File: t3cmr.fd 2001/12/31 TIPA font definitions
)
LaTeX Font Info:    ... okay on input line 6.
LaTeX Font Info:    External font `cmex10' loaded for size
(Font)              <24.88> on input line 10.
LaTeX Font Info:    External font `cmex10' loaded for size
(Font)              <20.74> on input line 10.
LaTeX Font Info:    External font `cmex10' loaded for size
(Font)              <17.28> on input line 10.
Missing character: There is no Ã in font cmbx12!
Missing character: There is no ­ in font cmbx12!
[1

{/usr/local/texlive/2013/texmf-var/fonts/map/pdftex/updmap/pdftex.map}] (Output
/pronunciacion_prac.aux) ) 
Here is how much of TeX's memory you used:
 1828 strings out of 493311
 24634 string characters out of 6137850
 71659 words of memory out of 5000000
 5312 multiletter control sequences out of 15000+600000
 8001 words of font info for 28 fonts, out of 8000000 for 9000
 957 hyphenation exceptions out of 8191
 34i,7n,56p,281b,166s stack positions out of 5000i,500n,10000p,200000b,80000s
</usr/local/texlive/2013/texmf-dist/fonts/type1/publi
c/amsfonts/cm/cmbx12.pfb></usr/local/texlive/2013/texmf-dist/fonts/type1/public
/amsfonts/cm/cmr17.pfb>
Output written on Output/pronunciacion_prac.pdf (1 page, 22882 bytes).
PDF statistics:
 16 PDF objects out of 1000 (max. 8388607)
 10 compressed objects within 1 object stream
 0 named destinations out of 1000 (max. 500000)
 1 words of extra memory for PDF output out of 10000 (max. 10000000)

